<?xml version="1.0" encoding="UTF-8"?>
<testng-results ignored="0" total="1" passed="1" failed="0" skipped="0">
  <reporter-output>
  </reporter-output>
  <suite started-at="2021-03-02T07:20:52Z" name="Default suite" finished-at="2021-03-02T07:21:50Z" duration-ms="57815">
    <groups>
    </groups>
    <test started-at="2021-03-02T07:20:52Z" name="Default test" finished-at="2021-03-02T07:21:50Z" duration-ms="57815">
      <class name="TestClasses.TestClass01">
        <test-method signature="addEmpOHRM()[pri:0, instance:TestClasses.TestClass01@618425b5]" started-at="2021-03-02T12:50:52Z" name="addEmpOHRM" finished-at="2021-03-02T12:51:50Z" duration-ms="57733" status="PASS">
          <reporter-output>
          </reporter-output>
        </test-method> <!-- addEmpOHRM -->
      </class> <!-- TestClasses.TestClass01 -->
    </test> <!-- Default test -->
  </suite> <!-- Default suite -->
</testng-results>
